<?xml version="1.0" encoding="UTF-8"?>
<testng-results ignored="0" total="3" passed="3" failed="0" skipped="0">
  <reporter-output>
  </reporter-output>
  <suite started-at="2024-02-21T12:33:30 IST" name=" Maven suite" finished-at="2024-02-21T12:33:32 IST" duration-ms="1888">
    <groups>
    </groups>
    <test started-at="2024-02-21T12:33:30 IST" name="Maven test_" finished-at="2024-02-21T12:33:32 IST" duration-ms="1888">
      <class name="data.DataTest">
        <test-method signature="test2()[pri:0, instance:data.DataTest@7bab3f1a]" started-at="2024-02-21T12:33:30 IST" name="test2" finished-at="2024-02-21T12:33:30 IST" duration-ms="24" status="PASS">
          <reporter-output>
          </reporter-output>
        </test-method> <!-- test2 -->
        <test-method signature="testMethod(java.lang.String,java.lang.String,java.lang.String,java.lang.String)[pri:0, instance:data.DataTest@7bab3f1a]" started-at="2024-02-21T12:33:32 IST" name="testMethod" data-provider="data-provider" finished-at="2024-02-21T12:33:32 IST" duration-ms="3" status="PASS">
          <params>
            <param index="0">
              <value>
                <![CDATA[sn1]]>
              </value>
            </param>
            <param index="1">
              <value>
                <![CDATA[1.0]]>
              </value>
            </param>
            <param index="2">
              <value>
                <![CDATA[2.0]]>
              </value>
            </param>
            <param index="3">
              <value>
                <![CDATA[3.0]]>
              </value>
            </param>
          </params>
          <reporter-output>
          </reporter-output>
        </test-method> <!-- testMethod -->
        <test-method signature="testMethod(java.lang.String,java.lang.String,java.lang.String,java.lang.String)[pri:0, instance:data.DataTest@7bab3f1a]" started-at="2024-02-21T12:33:32 IST" name="testMethod" data-provider="data-provider" finished-at="2024-02-21T12:33:32 IST" duration-ms="2" status="PASS">
          <params>
            <param index="0">
              <value>
                <![CDATA[sn2]]>
              </value>
            </param>
            <param index="1">
              <value>
                <![CDATA[4.0]]>
              </value>
            </param>
            <param index="2">
              <value>
                <![CDATA[5.0]]>
              </value>
            </param>
            <param index="3">
              <value>
                <![CDATA[6.0]]>
              </value>
            </param>
          </params>
          <reporter-output>
          </reporter-output>
        </test-method> <!-- testMethod -->
      </class> <!-- data.DataTest -->
    </test> <!-- Maven test_ -->
  </suite> <!--  Maven suite -->
</testng-results>
